<?xml version="1.0" encoding="UTF-8"?>
<testsuite xmlns:xsi="http://www.w3.org/2001/XMLSchema-instance" xsi:noNamespaceSchemaLocation="https://maven.apache.org/surefire/maven-surefire-plugin/xsd/surefire-test-report.xsd" name="br.com.elasticsearchcluster.elasticsearchcluster.ElasticsearchClusterApplicationTests" time="2.028" tests="1" errors="0" skipped="0" failures="0">
  <properties>
    <property name="sun.desktop" value="gnome"/>
    <property name="awt.toolkit" value="sun.awt.X11.XToolkit"/>
    <property name="java.specification.version" value="11"/>
    <property name="sun.cpu.isalist" value=""/>
    <property name="sun.jnu.encoding" value="UTF-8"/>
    <property name="java.class.path" value="/home/lsimioni/Documents/pessoal/projects/elasticsearch-cluster/target/test-classes:/home/lsimioni/Documents/pessoal/projects/elasticsearch-cluster/target/classes:/home/lsimioni/.m2/repository/org/springframework/boot/spring-boot-starter-data-elasticsearch/2.4.5/spring-boot-starter-data-elasticsearch-2.4.5.jar:/home/lsimioni/.m2/repository/org/springframework/boot/spring-boot-starter/2.4.5/spring-boot-starter-2.4.5.jar:/home/lsimioni/.m2/repository/org/springframework/boot/spring-boot-starter-logging/2.4.5/spring-boot-starter-logging-2.4.5.jar:/home/lsimioni/.m2/repository/ch/qos/logback/logback-classic/1.2.3/logback-classic-1.2.3.jar:/home/lsimioni/.m2/repository/ch/qos/logback/logback-core/1.2.3/logback-core-1.2.3.jar:/home/lsimioni/.m2/repository/org/apache/logging/log4j/log4j-to-slf4j/2.13.3/log4j-to-slf4j-2.13.3.jar:/home/lsimioni/.m2/repository/org/apache/logging/log4j/log4j-api/2.13.3/log4j-api-2.13.3.jar:/home/lsimioni/.m2/repository/org/slf4j/jul-to-slf4j/1.7.30/jul-to-slf4j-1.7.30.jar:/home/lsimioni/.m2/repository/jakarta/annotation/jakarta.annotation-api/1.3.5/jakarta.annotation-api-1.3.5.jar:/home/lsimioni/.m2/repository/org/yaml/snakeyaml/1.27/snakeyaml-1.27.jar:/home/lsimioni/.m2/repository/org/springframework/data/spring-data-elasticsearch/4.1.8/spring-data-elasticsearch-4.1.8.jar:/home/lsimioni/.m2/repository/org/springframework/spring-context/5.3.6/spring-context-5.3.6.jar:/home/lsimioni/.m2/repository/org/springframework/spring-aop/5.3.6/spring-aop-5.3.6.jar:/home/lsimioni/.m2/repository/org/springframework/spring-beans/5.3.6/spring-beans-5.3.6.jar:/home/lsimioni/.m2/repository/org/springframework/spring-expression/5.3.6/spring-expression-5.3.6.jar:/home/lsimioni/.m2/repository/org/springframework/spring-tx/5.3.6/spring-tx-5.3.6.jar:/home/lsimioni/.m2/repository/org/springframework/data/spring-data-commons/2.4.8/spring-data-commons-2.4.8.jar:/home/lsimioni/.m2/repository/org/elasticsearch/plugin/transport-netty4-client/7.9.3/transport-netty4-client-7.9.3.jar:/home/lsimioni/.m2/repository/io/netty/netty-buffer/4.1.63.Final/netty-buffer-4.1.63.Final.jar:/home/lsimioni/.m2/repository/io/netty/netty-codec/4.1.63.Final/netty-codec-4.1.63.Final.jar:/home/lsimioni/.m2/repository/io/netty/netty-codec-http/4.1.63.Final/netty-codec-http-4.1.63.Final.jar:/home/lsimioni/.m2/repository/io/netty/netty-common/4.1.63.Final/netty-common-4.1.63.Final.jar:/home/lsimioni/.m2/repository/io/netty/netty-handler/4.1.63.Final/netty-handler-4.1.63.Final.jar:/home/lsimioni/.m2/repository/io/netty/netty-resolver/4.1.63.Final/netty-resolver-4.1.63.Final.jar:/home/lsimioni/.m2/repository/io/netty/netty-transport/4.1.63.Final/netty-transport-4.1.63.Final.jar:/home/lsimioni/.m2/repository/org/elasticsearch/client/elasticsearch-rest-high-level-client/7.9.3/elasticsearch-rest-high-level-client-7.9.3.jar:/home/lsimioni/.m2/repository/org/elasticsearch/elasticsearch/7.9.3/elasticsearch-7.9.3.jar:/home/lsimioni/.m2/repository/org/elasticsearch/elasticsearch-core/7.9.3/elasticsearch-core-7.9.3.jar:/home/lsimioni/.m2/repository/org/elasticsearch/elasticsearch-secure-sm/7.9.3/elasticsearch-secure-sm-7.9.3.jar:/home/lsimioni/.m2/repository/org/elasticsearch/elasticsearch-x-content/7.9.3/elasticsearch-x-content-7.9.3.jar:/home/lsimioni/.m2/repository/com/fasterxml/jackson/dataformat/jackson-dataformat-smile/2.11.4/jackson-dataformat-smile-2.11.4.jar:/home/lsimioni/.m2/repository/com/fasterxml/jackson/dataformat/jackson-dataformat-yaml/2.11.4/jackson-dataformat-yaml-2.11.4.jar:/home/lsimioni/.m2/repository/com/fasterxml/jackson/dataformat/jackson-dataformat-cbor/2.11.4/jackson-dataformat-cbor-2.11.4.jar:/home/lsimioni/.m2/repository/org/elasticsearch/elasticsearch-geo/7.9.3/elasticsearch-geo-7.9.3.jar:/home/lsimioni/.m2/repository/org/apache/lucene/lucene-core/8.6.2/lucene-core-8.6.2.jar:/home/lsimioni/.m2/repository/org/apache/lucene/lucene-analyzers-common/8.6.2/lucene-analyzers-common-8.6.2.jar:/home/lsimioni/.m2/repository/org/apache/lucene/lucene-backward-codecs/8.6.2/lucene-backward-codecs-8.6.2.jar:/home/lsimioni/.m2/repository/org/apache/lucene/lucene-grouping/8.6.2/lucene-grouping-8.6.2.jar:/home/lsimioni/.m2/repository/org/apache/lucene/lucene-highlighter/8.6.2/lucene-highlighter-8.6.2.jar:/home/lsimioni/.m2/repository/org/apache/lucene/lucene-join/8.6.2/lucene-join-8.6.2.jar:/home/lsimioni/.m2/repository/org/apache/lucene/lucene-memory/8.6.2/lucene-memory-8.6.2.jar:/home/lsimioni/.m2/repository/org/apache/lucene/lucene-misc/8.6.2/lucene-misc-8.6.2.jar:/home/lsimioni/.m2/repository/org/apache/lucene/lucene-queries/8.6.2/lucene-queries-8.6.2.jar:/home/lsimioni/.m2/repository/org/apache/lucene/lucene-queryparser/8.6.2/lucene-queryparser-8.6.2.jar:/home/lsimioni/.m2/repository/org/apache/lucene/lucene-sandbox/8.6.2/lucene-sandbox-8.6.2.jar:/home/lsimioni/.m2/repository/org/apache/lucene/lucene-spatial-extras/8.6.2/lucene-spatial-extras-8.6.2.jar:/home/lsimioni/.m2/repository/org/apache/lucene/lucene-spatial3d/8.6.2/lucene-spatial3d-8.6.2.jar:/home/lsimioni/.m2/repository/org/apache/lucene/lucene-suggest/8.6.2/lucene-suggest-8.6.2.jar:/home/lsimioni/.m2/repository/org/elasticsearch/elasticsearch-cli/7.9.3/elasticsearch-cli-7.9.3.jar:/home/lsimioni/.m2/repository/net/sf/jopt-simple/jopt-simple/5.0.2/jopt-simple-5.0.2.jar:/home/lsimioni/.m2/repository/com/carrotsearch/hppc/0.8.1/hppc-0.8.1.jar:/home/lsimioni/.m2/repository/joda-time/joda-time/2.10.4/joda-time-2.10.4.jar:/home/lsimioni/.m2/repository/com/tdunning/t-digest/3.2/t-digest-3.2.jar:/home/lsimioni/.m2/repository/org/hdrhistogram/HdrHistogram/2.1.9/HdrHistogram-2.1.9.jar:/home/lsimioni/.m2/repository/org/elasticsearch/jna/5.5.0/jna-5.5.0.jar:/home/lsimioni/.m2/repository/org/elasticsearch/client/elasticsearch-rest-client/7.9.3/elasticsearch-rest-client-7.9.3.jar:/home/lsimioni/.m2/repository/org/apache/httpcomponents/httpclient/4.5.13/httpclient-4.5.13.jar:/home/lsimioni/.m2/repository/org/apache/httpcomponents/httpcore/4.4.14/httpcore-4.4.14.jar:/home/lsimioni/.m2/repository/org/apache/httpcomponents/httpasyncclient/4.1.4/httpasyncclient-4.1.4.jar:/home/lsimioni/.m2/repository/org/apache/httpcomponents/httpcore-nio/4.4.14/httpcore-nio-4.4.14.jar:/home/lsimioni/.m2/repository/commons-codec/commons-codec/1.15/commons-codec-1.15.jar:/home/lsimioni/.m2/repository/org/elasticsearch/plugin/mapper-extras-client/7.9.3/mapper-extras-client-7.9.3.jar:/home/lsimioni/.m2/repository/org/elasticsearch/plugin/parent-join-client/7.9.3/parent-join-client-7.9.3.jar:/home/lsimioni/.m2/repository/org/elasticsearch/plugin/aggs-matrix-stats-client/7.9.3/aggs-matrix-stats-client-7.9.3.jar:/home/lsimioni/.m2/repository/org/elasticsearch/plugin/rank-eval-client/7.9.3/rank-eval-client-7.9.3.jar:/home/lsimioni/.m2/repository/org/elasticsearch/plugin/lang-mustache-client/7.9.3/lang-mustache-client-7.9.3.jar:/home/lsimioni/.m2/repository/com/github/spullara/mustache/java/compiler/0.9.6/compiler-0.9.6.jar:/home/lsimioni/.m2/repository/com/fasterxml/jackson/core/jackson-core/2.11.4/jackson-core-2.11.4.jar:/home/lsimioni/.m2/repository/com/fasterxml/jackson/core/jackson-databind/2.11.4/jackson-databind-2.11.4.jar:/home/lsimioni/.m2/repository/com/fasterxml/jackson/core/jackson-annotations/2.11.4/jackson-annotations-2.11.4.jar:/home/lsimioni/.m2/repository/org/slf4j/slf4j-api/1.7.30/slf4j-api-1.7.30.jar:/home/lsimioni/.m2/repository/org/springframework/boot/spring-boot-devtools/2.4.5/spring-boot-devtools-2.4.5.jar:/home/lsimioni/.m2/repository/org/springframework/boot/spring-boot/2.4.5/spring-boot-2.4.5.jar:/home/lsimioni/.m2/repository/org/springframework/boot/spring-boot-autoconfigure/2.4.5/spring-boot-autoconfigure-2.4.5.jar:/home/lsimioni/.m2/repository/org/projectlombok/lombok/1.18.20/lombok-1.18.20.jar:/home/lsimioni/.m2/repository/org/springframework/boot/spring-boot-starter-test/2.4.5/spring-boot-starter-test-2.4.5.jar:/home/lsimioni/.m2/repository/org/springframework/boot/spring-boot-test/2.4.5/spring-boot-test-2.4.5.jar:/home/lsimioni/.m2/repository/org/springframework/boot/spring-boot-test-autoconfigure/2.4.5/spring-boot-test-autoconfigure-2.4.5.jar:/home/lsimioni/.m2/repository/com/jayway/jsonpath/json-path/2.4.0/json-path-2.4.0.jar:/home/lsimioni/.m2/repository/net/minidev/json-smart/2.3/json-smart-2.3.jar:/home/lsimioni/.m2/repository/net/minidev/accessors-smart/1.2/accessors-smart-1.2.jar:/home/lsimioni/.m2/repository/org/ow2/asm/asm/5.0.4/asm-5.0.4.jar:/home/lsimioni/.m2/repository/jakarta/xml/bind/jakarta.xml.bind-api/2.3.3/jakarta.xml.bind-api-2.3.3.jar:/home/lsimioni/.m2/repository/jakarta/activation/jakarta.activation-api/1.2.2/jakarta.activation-api-1.2.2.jar:/home/lsimioni/.m2/repository/org/assertj/assertj-core/3.18.1/assertj-core-3.18.1.jar:/home/lsimioni/.m2/repository/org/hamcrest/hamcrest/2.2/hamcrest-2.2.jar:/home/lsimioni/.m2/repository/org/junit/jupiter/junit-jupiter/5.7.1/junit-jupiter-5.7.1.jar:/home/lsimioni/.m2/repository/org/junit/jupiter/junit-jupiter-api/5.7.1/junit-jupiter-api-5.7.1.jar:/home/lsimioni/.m2/repository/org/apiguardian/apiguardian-api/1.1.0/apiguardian-api-1.1.0.jar:/home/lsimioni/.m2/repository/org/opentest4j/opentest4j/1.2.0/opentest4j-1.2.0.jar:/home/lsimioni/.m2/repository/org/junit/platform/junit-platform-commons/1.7.1/junit-platform-commons-1.7.1.jar:/home/lsimioni/.m2/repository/org/junit/jupiter/junit-jupiter-params/5.7.1/junit-jupiter-params-5.7.1.jar:/home/lsimioni/.m2/repository/org/junit/jupiter/junit-jupiter-engine/5.7.1/junit-jupiter-engine-5.7.1.jar:/home/lsimioni/.m2/repository/org/junit/platform/junit-platform-engine/1.7.1/junit-platform-engine-1.7.1.jar:/home/lsimioni/.m2/repository/org/mockito/mockito-core/3.6.28/mockito-core-3.6.28.jar:/home/lsimioni/.m2/repository/net/bytebuddy/byte-buddy/1.10.22/byte-buddy-1.10.22.jar:/home/lsimioni/.m2/repository/net/bytebuddy/byte-buddy-agent/1.10.22/byte-buddy-agent-1.10.22.jar:/home/lsimioni/.m2/repository/org/objenesis/objenesis/3.1/objenesis-3.1.jar:/home/lsimioni/.m2/repository/org/mockito/mockito-junit-jupiter/3.6.28/mockito-junit-jupiter-3.6.28.jar:/home/lsimioni/.m2/repository/org/skyscreamer/jsonassert/1.5.0/jsonassert-1.5.0.jar:/home/lsimioni/.m2/repository/com/vaadin/external/google/android-json/0.0.20131108.vaadin1/android-json-0.0.20131108.vaadin1.jar:/home/lsimioni/.m2/repository/org/springframework/spring-core/5.3.6/spring-core-5.3.6.jar:/home/lsimioni/.m2/repository/org/springframework/spring-jcl/5.3.6/spring-jcl-5.3.6.jar:/home/lsimioni/.m2/repository/org/springframework/spring-test/5.3.6/spring-test-5.3.6.jar:/home/lsimioni/.m2/repository/org/xmlunit/xmlunit-core/2.7.0/xmlunit-core-2.7.0.jar:"/>
    <property name="java.vm.vendor" value="Ubuntu"/>
    <property name="sun.arch.data.model" value="64"/>
    <property name="java.vendor.url" value="https://ubuntu.com/"/>
    <property name="user.timezone" value=""/>
    <property name="user.country.format" value="BR"/>
    <property name="java.vm.specification.version" value="11"/>
    <property name="os.name" value="Linux"/>
    <property name="sun.java.launcher" value="SUN_STANDARD"/>
    <property name="user.country" value="US"/>
    <property name="sun.boot.library.path" value="/usr/lib/jvm/java-11-openjdk-amd64/lib"/>
    <property name="sun.java.command" value="/home/lsimioni/Documents/pessoal/projects/elasticsearch-cluster/target/surefire/surefirebooter13617528900588280776.jar /home/lsimioni/Documents/pessoal/projects/elasticsearch-cluster/target/surefire 2021-05-17T20-49-57_360-jvmRun1 surefire5318410618596172583tmp surefire_012051483965476493445tmp"/>
    <property name="jdk.debug" value="release"/>
    <property name="surefire.test.class.path" value="/home/lsimioni/Documents/pessoal/projects/elasticsearch-cluster/target/test-classes:/home/lsimioni/Documents/pessoal/projects/elasticsearch-cluster/target/classes:/home/lsimioni/.m2/repository/org/springframework/boot/spring-boot-starter-data-elasticsearch/2.4.5/spring-boot-starter-data-elasticsearch-2.4.5.jar:/home/lsimioni/.m2/repository/org/springframework/boot/spring-boot-starter/2.4.5/spring-boot-starter-2.4.5.jar:/home/lsimioni/.m2/repository/org/springframework/boot/spring-boot-starter-logging/2.4.5/spring-boot-starter-logging-2.4.5.jar:/home/lsimioni/.m2/repository/ch/qos/logback/logback-classic/1.2.3/logback-classic-1.2.3.jar:/home/lsimioni/.m2/repository/ch/qos/logback/logback-core/1.2.3/logback-core-1.2.3.jar:/home/lsimioni/.m2/repository/org/apache/logging/log4j/log4j-to-slf4j/2.13.3/log4j-to-slf4j-2.13.3.jar:/home/lsimioni/.m2/repository/org/apache/logging/log4j/log4j-api/2.13.3/log4j-api-2.13.3.jar:/home/lsimioni/.m2/repository/org/slf4j/jul-to-slf4j/1.7.30/jul-to-slf4j-1.7.30.jar:/home/lsimioni/.m2/repository/jakarta/annotation/jakarta.annotation-api/1.3.5/jakarta.annotation-api-1.3.5.jar:/home/lsimioni/.m2/repository/org/yaml/snakeyaml/1.27/snakeyaml-1.27.jar:/home/lsimioni/.m2/repository/org/springframework/data/spring-data-elasticsearch/4.1.8/spring-data-elasticsearch-4.1.8.jar:/home/lsimioni/.m2/repository/org/springframework/spring-context/5.3.6/spring-context-5.3.6.jar:/home/lsimioni/.m2/repository/org/springframework/spring-aop/5.3.6/spring-aop-5.3.6.jar:/home/lsimioni/.m2/repository/org/springframework/spring-beans/5.3.6/spring-beans-5.3.6.jar:/home/lsimioni/.m2/repository/org/springframework/spring-expression/5.3.6/spring-expression-5.3.6.jar:/home/lsimioni/.m2/repository/org/springframework/spring-tx/5.3.6/spring-tx-5.3.6.jar:/home/lsimioni/.m2/repository/org/springframework/data/spring-data-commons/2.4.8/spring-data-commons-2.4.8.jar:/home/lsimioni/.m2/repository/org/elasticsearch/plugin/transport-netty4-client/7.9.3/transport-netty4-client-7.9.3.jar:/home/lsimioni/.m2/repository/io/netty/netty-buffer/4.1.63.Final/netty-buffer-4.1.63.Final.jar:/home/lsimioni/.m2/repository/io/netty/netty-codec/4.1.63.Final/netty-codec-4.1.63.Final.jar:/home/lsimioni/.m2/repository/io/netty/netty-codec-http/4.1.63.Final/netty-codec-http-4.1.63.Final.jar:/home/lsimioni/.m2/repository/io/netty/netty-common/4.1.63.Final/netty-common-4.1.63.Final.jar:/home/lsimioni/.m2/repository/io/netty/netty-handler/4.1.63.Final/netty-handler-4.1.63.Final.jar:/home/lsimioni/.m2/repository/io/netty/netty-resolver/4.1.63.Final/netty-resolver-4.1.63.Final.jar:/home/lsimioni/.m2/repository/io/netty/netty-transport/4.1.63.Final/netty-transport-4.1.63.Final.jar:/home/lsimioni/.m2/repository/org/elasticsearch/client/elasticsearch-rest-high-level-client/7.9.3/elasticsearch-rest-high-level-client-7.9.3.jar:/home/lsimioni/.m2/repository/org/elasticsearch/elasticsearch/7.9.3/elasticsearch-7.9.3.jar:/home/lsimioni/.m2/repository/org/elasticsearch/elasticsearch-core/7.9.3/elasticsearch-core-7.9.3.jar:/home/lsimioni/.m2/repository/org/elasticsearch/elasticsearch-secure-sm/7.9.3/elasticsearch-secure-sm-7.9.3.jar:/home/lsimioni/.m2/repository/org/elasticsearch/elasticsearch-x-content/7.9.3/elasticsearch-x-content-7.9.3.jar:/home/lsimioni/.m2/repository/com/fasterxml/jackson/dataformat/jackson-dataformat-smile/2.11.4/jackson-dataformat-smile-2.11.4.jar:/home/lsimioni/.m2/repository/com/fasterxml/jackson/dataformat/jackson-dataformat-yaml/2.11.4/jackson-dataformat-yaml-2.11.4.jar:/home/lsimioni/.m2/repository/com/fasterxml/jackson/dataformat/jackson-dataformat-cbor/2.11.4/jackson-dataformat-cbor-2.11.4.jar:/home/lsimioni/.m2/repository/org/elasticsearch/elasticsearch-geo/7.9.3/elasticsearch-geo-7.9.3.jar:/home/lsimioni/.m2/repository/org/apache/lucene/lucene-core/8.6.2/lucene-core-8.6.2.jar:/home/lsimioni/.m2/repository/org/apache/lucene/lucene-analyzers-common/8.6.2/lucene-analyzers-common-8.6.2.jar:/home/lsimioni/.m2/repository/org/apache/lucene/lucene-backward-codecs/8.6.2/lucene-backward-codecs-8.6.2.jar:/home/lsimioni/.m2/repository/org/apache/lucene/lucene-grouping/8.6.2/lucene-grouping-8.6.2.jar:/home/lsimioni/.m2/repository/org/apache/lucene/lucene-highlighter/8.6.2/lucene-highlighter-8.6.2.jar:/home/lsimioni/.m2/repository/org/apache/lucene/lucene-join/8.6.2/lucene-join-8.6.2.jar:/home/lsimioni/.m2/repository/org/apache/lucene/lucene-memory/8.6.2/lucene-memory-8.6.2.jar:/home/lsimioni/.m2/repository/org/apache/lucene/lucene-misc/8.6.2/lucene-misc-8.6.2.jar:/home/lsimioni/.m2/repository/org/apache/lucene/lucene-queries/8.6.2/lucene-queries-8.6.2.jar:/home/lsimioni/.m2/repository/org/apache/lucene/lucene-queryparser/8.6.2/lucene-queryparser-8.6.2.jar:/home/lsimioni/.m2/repository/org/apache/lucene/lucene-sandbox/8.6.2/lucene-sandbox-8.6.2.jar:/home/lsimioni/.m2/repository/org/apache/lucene/lucene-spatial-extras/8.6.2/lucene-spatial-extras-8.6.2.jar:/home/lsimioni/.m2/repository/org/apache/lucene/lucene-spatial3d/8.6.2/lucene-spatial3d-8.6.2.jar:/home/lsimioni/.m2/repository/org/apache/lucene/lucene-suggest/8.6.2/lucene-suggest-8.6.2.jar:/home/lsimioni/.m2/repository/org/elasticsearch/elasticsearch-cli/7.9.3/elasticsearch-cli-7.9.3.jar:/home/lsimioni/.m2/repository/net/sf/jopt-simple/jopt-simple/5.0.2/jopt-simple-5.0.2.jar:/home/lsimioni/.m2/repository/com/carrotsearch/hppc/0.8.1/hppc-0.8.1.jar:/home/lsimioni/.m2/repository/joda-time/joda-time/2.10.4/joda-time-2.10.4.jar:/home/lsimioni/.m2/repository/com/tdunning/t-digest/3.2/t-digest-3.2.jar:/home/lsimioni/.m2/repository/org/hdrhistogram/HdrHistogram/2.1.9/HdrHistogram-2.1.9.jar:/home/lsimioni/.m2/repository/org/elasticsearch/jna/5.5.0/jna-5.5.0.jar:/home/lsimioni/.m2/repository/org/elasticsearch/client/elasticsearch-rest-client/7.9.3/elasticsearch-rest-client-7.9.3.jar:/home/lsimioni/.m2/repository/org/apache/httpcomponents/httpclient/4.5.13/httpclient-4.5.13.jar:/home/lsimioni/.m2/repository/org/apache/httpcomponents/httpcore/4.4.14/httpcore-4.4.14.jar:/home/lsimioni/.m2/repository/org/apache/httpcomponents/httpasyncclient/4.1.4/httpasyncclient-4.1.4.jar:/home/lsimioni/.m2/repository/org/apache/httpcomponents/httpcore-nio/4.4.14/httpcore-nio-4.4.14.jar:/home/lsimioni/.m2/repository/commons-codec/commons-codec/1.15/commons-codec-1.15.jar:/home/lsimioni/.m2/repository/org/elasticsearch/plugin/mapper-extras-client/7.9.3/mapper-extras-client-7.9.3.jar:/home/lsimioni/.m2/repository/org/elasticsearch/plugin/parent-join-client/7.9.3/parent-join-client-7.9.3.jar:/home/lsimioni/.m2/repository/org/elasticsearch/plugin/aggs-matrix-stats-client/7.9.3/aggs-matrix-stats-client-7.9.3.jar:/home/lsimioni/.m2/repository/org/elasticsearch/plugin/rank-eval-client/7.9.3/rank-eval-client-7.9.3.jar:/home/lsimioni/.m2/repository/org/elasticsearch/plugin/lang-mustache-client/7.9.3/lang-mustache-client-7.9.3.jar:/home/lsimioni/.m2/repository/com/github/spullara/mustache/java/compiler/0.9.6/compiler-0.9.6.jar:/home/lsimioni/.m2/repository/com/fasterxml/jackson/core/jackson-core/2.11.4/jackson-core-2.11.4.jar:/home/lsimioni/.m2/repository/com/fasterxml/jackson/core/jackson-databind/2.11.4/jackson-databind-2.11.4.jar:/home/lsimioni/.m2/repository/com/fasterxml/jackson/core/jackson-annotations/2.11.4/jackson-annotations-2.11.4.jar:/home/lsimioni/.m2/repository/org/slf4j/slf4j-api/1.7.30/slf4j-api-1.7.30.jar:/home/lsimioni/.m2/repository/org/springframework/boot/spring-boot-devtools/2.4.5/spring-boot-devtools-2.4.5.jar:/home/lsimioni/.m2/repository/org/springframework/boot/spring-boot/2.4.5/spring-boot-2.4.5.jar:/home/lsimioni/.m2/repository/org/springframework/boot/spring-boot-autoconfigure/2.4.5/spring-boot-autoconfigure-2.4.5.jar:/home/lsimioni/.m2/repository/org/projectlombok/lombok/1.18.20/lombok-1.18.20.jar:/home/lsimioni/.m2/repository/org/springframework/boot/spring-boot-starter-test/2.4.5/spring-boot-starter-test-2.4.5.jar:/home/lsimioni/.m2/repository/org/springframework/boot/spring-boot-test/2.4.5/spring-boot-test-2.4.5.jar:/home/lsimioni/.m2/repository/org/springframework/boot/spring-boot-test-autoconfigure/2.4.5/spring-boot-test-autoconfigure-2.4.5.jar:/home/lsimioni/.m2/repository/com/jayway/jsonpath/json-path/2.4.0/json-path-2.4.0.jar:/home/lsimioni/.m2/repository/net/minidev/json-smart/2.3/json-smart-2.3.jar:/home/lsimioni/.m2/repository/net/minidev/accessors-smart/1.2/accessors-smart-1.2.jar:/home/lsimioni/.m2/repository/org/ow2/asm/asm/5.0.4/asm-5.0.4.jar:/home/lsimioni/.m2/repository/jakarta/xml/bind/jakarta.xml.bind-api/2.3.3/jakarta.xml.bind-api-2.3.3.jar:/home/lsimioni/.m2/repository/jakarta/activation/jakarta.activation-api/1.2.2/jakarta.activation-api-1.2.2.jar:/home/lsimioni/.m2/repository/org/assertj/assertj-core/3.18.1/assertj-core-3.18.1.jar:/home/lsimioni/.m2/repository/org/hamcrest/hamcrest/2.2/hamcrest-2.2.jar:/home/lsimioni/.m2/repository/org/junit/jupiter/junit-jupiter/5.7.1/junit-jupiter-5.7.1.jar:/home/lsimioni/.m2/repository/org/junit/jupiter/junit-jupiter-api/5.7.1/junit-jupiter-api-5.7.1.jar:/home/lsimioni/.m2/repository/org/apiguardian/apiguardian-api/1.1.0/apiguardian-api-1.1.0.jar:/home/lsimioni/.m2/repository/org/opentest4j/opentest4j/1.2.0/opentest4j-1.2.0.jar:/home/lsimioni/.m2/repository/org/junit/platform/junit-platform-commons/1.7.1/junit-platform-commons-1.7.1.jar:/home/lsimioni/.m2/repository/org/junit/jupiter/junit-jupiter-params/5.7.1/junit-jupiter-params-5.7.1.jar:/home/lsimioni/.m2/repository/org/junit/jupiter/junit-jupiter-engine/5.7.1/junit-jupiter-engine-5.7.1.jar:/home/lsimioni/.m2/repository/org/junit/platform/junit-platform-engine/1.7.1/junit-platform-engine-1.7.1.jar:/home/lsimioni/.m2/repository/org/mockito/mockito-core/3.6.28/mockito-core-3.6.28.jar:/home/lsimioni/.m2/repository/net/bytebuddy/byte-buddy/1.10.22/byte-buddy-1.10.22.jar:/home/lsimioni/.m2/repository/net/bytebuddy/byte-buddy-agent/1.10.22/byte-buddy-agent-1.10.22.jar:/home/lsimioni/.m2/repository/org/objenesis/objenesis/3.1/objenesis-3.1.jar:/home/lsimioni/.m2/repository/org/mockito/mockito-junit-jupiter/3.6.28/mockito-junit-jupiter-3.6.28.jar:/home/lsimioni/.m2/repository/org/skyscreamer/jsonassert/1.5.0/jsonassert-1.5.0.jar:/home/lsimioni/.m2/repository/com/vaadin/external/google/android-json/0.0.20131108.vaadin1/android-json-0.0.20131108.vaadin1.jar:/home/lsimioni/.m2/repository/org/springframework/spring-core/5.3.6/spring-core-5.3.6.jar:/home/lsimioni/.m2/repository/org/springframework/spring-jcl/5.3.6/spring-jcl-5.3.6.jar:/home/lsimioni/.m2/repository/org/springframework/spring-test/5.3.6/spring-test-5.3.6.jar:/home/lsimioni/.m2/repository/org/xmlunit/xmlunit-core/2.7.0/xmlunit-core-2.7.0.jar:"/>
    <property name="sun.cpu.endian" value="little"/>
    <property name="user.home" value="/home/lsimioni"/>
    <property name="user.language" value="en"/>
    <property name="java.specification.vendor" value="Oracle Corporation"/>
    <property name="java.version.date" value="2021-04-20"/>
    <property name="java.home" value="/usr/lib/jvm/java-11-openjdk-amd64"/>
    <property name="file.separator" value="/"/>
    <property name="basedir" value="/home/lsimioni/Documents/pessoal/projects/elasticsearch-cluster"/>
    <property name="java.vm.compressedOopsMode" value="Zero based"/>
    <property name="line.separator" value="&#10;"/>
    <property name="java.specification.name" value="Java Platform API Specification"/>
    <property name="java.vm.specification.vendor" value="Oracle Corporation"/>
    <property name="java.awt.graphicsenv" value="sun.awt.X11GraphicsEnvironment"/>
    <property name="surefire.real.class.path" value="/home/lsimioni/Documents/pessoal/projects/elasticsearch-cluster/target/surefire/surefirebooter13617528900588280776.jar"/>
    <property name="sun.management.compiler" value="HotSpot 64-Bit Tiered Compilers"/>
    <property name="java.runtime.version" value="11.0.11+9-Ubuntu-0ubuntu2.20.04"/>
    <property name="user.name" value="CIANDT\lsimioni"/>
    <property name="path.separator" value=":"/>
    <property name="os.version" value="5.8.0-53-generic"/>
    <property name="java.runtime.name" value="OpenJDK Runtime Environment"/>
    <property name="file.encoding" value="UTF-8"/>
    <property name="java.vm.name" value="OpenJDK 64-Bit Server VM"/>
    <property name="localRepository" value="/home/lsimioni/.m2/repository"/>
    <property name="java.vendor.url.bug" value="https://bugs.launchpad.net/ubuntu/+source/openjdk-lts"/>
    <property name="java.io.tmpdir" value="/tmp"/>
    <property name="java.version" value="11.0.11"/>
    <property name="user.dir" value="/home/lsimioni/Documents/pessoal/projects/elasticsearch-cluster"/>
    <property name="os.arch" value="amd64"/>
    <property name="java.vm.specification.name" value="Java Virtual Machine Specification"/>
    <property name="java.awt.printerjob" value="sun.print.PSPrinterJob"/>
    <property name="user.language.format" value="pt"/>
    <property name="sun.os.patch.level" value="unknown"/>
    <property name="java.library.path" value="/usr/java/packages/lib:/usr/lib/x86_64-linux-gnu/jni:/lib/x86_64-linux-gnu:/usr/lib/x86_64-linux-gnu:/usr/lib/jni:/lib:/usr/lib"/>
    <property name="java.vm.info" value="mixed mode, sharing"/>
    <property name="java.vendor" value="Ubuntu"/>
    <property name="java.vm.version" value="11.0.11+9-Ubuntu-0ubuntu2.20.04"/>
    <property name="sun.io.unicode.encoding" value="UnicodeLittle"/>
    <property name="java.class.version" value="55.0"/>
  </properties>
  <testcase name="contextLoads" classname="br.com.elasticsearchcluster.elasticsearchcluster.ElasticsearchClusterApplicationTests" time="0.278"/>
</testsuite>